Application/build/outputs/logs/manifest-merger-debug-report.txt
-- Merging decision tree log ---
manifest
ADDED from src/main/AndroidManifest.xml:17:1-84:12
INJECTED from src/main/AndroidManifest.xml:17:1-84:12
INJECTED from src/main/AndroidManifest.xml:17:1-84:12
MERGED from [com.google.android.material:material:1.0.0-alpha3] AndroidManifest.xml:17:1-24:12
MERGED from [androidx.appcompat:appcompat:1.0.0-alpha3] AndroidManifest.xml:17:1-22:12
MERGED from [androidx.cardview:cardview:1.0.0-alpha3] AndroidManifest.xml:17:1-22:12
MERGED from [androidx.legacy:legacy-support-v13:1.0.0-alpha3] AndroidManifest.xml:17:1-22:12
MERGED from [com.google.android.gms:play-services-wearable:15.0.1] AndroidManifest.xml:17:1-24:12
MERGED from [:Shared] AndroidManifest.xml:14:1-26:12
MERGED from [androidx.vectordrawable:vectordrawable-animated:1.0.0-alpha3] AndroidManifest.xml:17:1-22:12
MERGED from [androidx.vectordrawable:vectordrawable:1.0.0-alpha3] AndroidManifest.xml:17:1-22:12
MERGED from [androidx.transition:transition:1.0.0-alpha3] AndroidManifest.xml:17:1-22:12
MERGED from [androidx.recyclerview:recyclerview:1.0.0-alpha3] AndroidManifest.xml:17:1-22:12
MERGED from [com.google.android.gms:play-services-base:15.0.1] AndroidManifest.xml:17:1-29:12
MERGED from [com.google.android.gms:play-services-tasks:15.0.1] AndroidManifest.xml:2:1-9:12
MERGED from [com.google.android.gms:play-services-basement:15.0.1] AndroidManifest.xml:17:1-28:12
MERGED from [androidx.legacy:legacy-support-v4:1.0.0-rc01] AndroidManifest.xml:17:1-22:12
MERGED from [androidx.fragment:fragment:1.0.0-rc01] AndroidManifest.xml:17:1-22:12
MERGED from [androidx.legacy:legacy-support-core-ui:1.0.0-rc01] AndroidManifest.xml:17:1-22:12
MERGED from [androidx.legacy:legacy-support-core-utils:1.0.0-rc01] AndroidManifest.xml:17:1-22:12
MERGED from [androidx.media:media:1.0.0-rc01] AndroidManifest.xml:17:1-22:12
MERGED from [androidx.loader:loader:1.0.0-rc01] AndroidManifest.xml:17:1-22:12
MERGED from [androidx.viewpager:viewpager:1.0.0-rc01] AndroidManifest.xml:17:1-22:12
MERGED from [androidx.coordinatorlayout:coordinatorlayout:1.0.0-rc01] AndroidManifest.xml:17:1-22:12
MERGED from [androidx.drawerlayout:drawerlayout:1.0.0-rc01] AndroidManifest.xml:17:1-22:12
MERGED from [androidx.slidingpanelayout:slidingpanelayout:1.0.0-rc01] AndroidManifest.xml:17:1-22:12
MERGED from [androidx.customview:customview:1.0.0-rc01] AndroidManifest.xml:17:1-22:12
MERGED from [androidx.swiperefreshlayout:swiperefreshlayout:1.0.0-rc01] AndroidManifest.xml:17:1-22:12
MERGED from [androidx.asynclayoutinflater:asynclayoutinflater:1.0.0-rc01] AndroidManifest.xml:17:1-22:12
MERGED from [androidx.core:core:1.0.0-rc01] AndroidManifest.xml:17:1-24:12
MERGED from [androidx.versionedparcelable:versionedparcelable:1.0.0-rc01] AndroidManifest.xml:17:1-25:12
MERGED from [androidx.documentfile:documentfile:1.0.0-rc01] AndroidManifest.xml:17:1-22:12
MERGED from [androidx.localbroadcastmanager:localbroadcastmanager:1.0.0-rc01] AndroidManifest.xml:17:1-22:12
MERGED from [androidx.print:print:1.0.0-rc01] AndroidManifest.xml:17:1-22:12
MERGED from [androidx.cursoradapter:cursoradapter:1.0.0-rc01] AndroidManifest.xml:17:1-22:12
MERGED from [androidx.interpolator:interpolator:1.0.0-rc01] AndroidManifest.xml:17:1-22:12
MERGED from [androidx.lifecycle:lifecycle-runtime:2.0.0-rc01] AndroidManifest.xml:17:1-22:12
MERGED from [androidx.lifecycle:lifecycle-viewmodel:2.0.0-rc01] AndroidManifest.xml:17:1-22:12
MERGED from [androidx.lifecycle:lifecycle-livedata-core:2.0.0-rc01] AndroidManifest.xml:17:1-22:12
MERGED from [androidx.arch.core:core-runtime:2.0.0-rc01] AndroidManifest.xml:17:1-22:12
INJECTED from src/main/AndroidManifest.xml:17:1-84:12
INJECTED from src/main/AndroidManifest.xml:17:1-84:12
	package
		ADDED from src/main/AndroidManifest.xml:18:11-72
	android:versionName
		ADDED from src/main/AndroidManifest.xml:20:11-36
		INJECTED from src/main/AndroidManifest.xml
		INJECTED from src/main/AndroidManifest.xml
	xmlns:android
		ADDED from src/main/AndroidManifest.xml:17:11-69
	android:versionCode
		ADDED from src/main/AndroidManifest.xml:19:11-34
		INJECTED from src/main/AndroidManifest.xml
		INJECTED from src/main/AndroidManifest.xml
application
ADDED from src/main/AndroidManifest.xml:22:5-83:19
MERGED from [com.google.android.material:material:1.0.0-alpha3] AndroidManifest.xml:22:5-20
MERGED from [com.google.android.material:material:1.0.0-alpha3] AndroidManifest.xml:22:5-20
MERGED from [com.google.android.gms:play-services-wearable:15.0.1] AndroidManifest.xml:22:5-20
MERGED from [com.google.android.gms:play-services-wearable:15.0.1] AndroidManifest.xml:22:5-20
MERGED from [:Shared] AndroidManifest.xml:21:5-24:19
MERGED from [:Shared] AndroidManifest.xml:21:5-24:19
MERGED from [com.google.android.gms:play-services-base:15.0.1] AndroidManifest.xml:22:5-27:19
MERGED from [com.google.android.gms:play-services-base:15.0.1] AndroidManifest.xml:22:5-27:19
MERGED from [com.google.android.gms:play-services-tasks:15.0.1] AndroidManifest.xml:7:5-20
MERGED from [com.google.android.gms:play-services-tasks:15.0.1] AndroidManifest.xml:7:5-20
MERGED from [com.google.android.gms:play-services-basement:15.0.1] AndroidManifest.xml:22:5-26:19
MERGED from [com.google.android.gms:play-services-basement:15.0.1] AndroidManifest.xml:22:5-26:19
MERGED from [androidx.core:core:1.0.0-rc01] AndroidManifest.xml:22:5-89
MERGED from [androidx.core:core:1.0.0-rc01] AndroidManifest.xml:22:5-89
MERGED from [androidx.versionedparcelable:versionedparcelable:1.0.0-rc01] AndroidManifest.xml:22:5-23:19
MERGED from [androidx.versionedparcelable:versionedparcelable:1.0.0-rc01] AndroidManifest.xml:22:5-23:19
	android:appComponentFactory
		ADDED from [androidx.core:core:1.0.0-rc01] AndroidManifest.xml:22:18-86
	android:supportsRtl
		ADDED from src/main/AndroidManifest.xml:26:9-35
	android:label
		ADDED from src/main/AndroidManifest.xml:25:9-41
	android:icon
		ADDED from src/main/AndroidManifest.xml:24:9-45
	android:allowBackup
		ADDED from src/main/AndroidManifest.xml:23:9-35
	android:theme
		ADDED from src/main/AndroidManifest.xml:27:9-48
activity#com.example.android.wearable.wear.wearnotifications.MainActivity
ADDED from src/main/AndroidManifest.xml:29:9-35:20
	android:exported
		ADDED from src/main/AndroidManifest.xml:30:13-36
	android:name
		ADDED from src/main/AndroidManifest.xml:29:19-47
intent-filter#action:name:android.intent.action.MAIN+category:name:android.intent.category.LAUNCHER
ADDED from src/main/AndroidManifest.xml:31:13-34:29
action#android.intent.action.MAIN
ADDED from src/main/AndroidManifest.xml:32:17-68
	android:name
		ADDED from src/main/AndroidManifest.xml:32:25-66
category#android.intent.category.LAUNCHER
ADDED from src/main/AndroidManifest.xml:33:17-76
	android:name
		ADDED from src/main/AndroidManifest.xml:33:27-74
activity#com.example.android.wearable.wear.wearnotifications.handlers.BigTextMainActivity
ADDED from src/main/AndroidManifest.xml:37:9-42:20
	android:label
		ADDED from src/main/AndroidManifest.xml:40:13-65
	android:excludeFromRecents
		ADDED from src/main/AndroidManifest.xml:39:13-46
	android:taskAffinity
		ADDED from src/main/AndroidManifest.xml:41:13-36
	android:name
		ADDED from src/main/AndroidManifest.xml:38:13-57
activity#com.example.android.wearable.wear.wearnotifications.handlers.BigPictureSocialMainActivity
ADDED from src/main/AndroidManifest.xml:44:9-50:20
	android:label
		ADDED from src/main/AndroidManifest.xml:46:13-68
	android:name
		ADDED from src/main/AndroidManifest.xml:45:13-66
meta-data#android.support.PARENT_ACTIVITY
ADDED from src/main/AndroidManifest.xml:47:13-49:48
	android:value
		ADDED from src/main/AndroidManifest.xml:49:17-46
	android:name
		ADDED from src/main/AndroidManifest.xml:48:17-63
activity#com.example.android.wearable.wear.wearnotifications.handlers.InboxMainActivity
ADDED from src/main/AndroidManifest.xml:53:9-59:20
	android:label
		ADDED from src/main/AndroidManifest.xml:55:13-62
	android:name
		ADDED from src/main/AndroidManifest.xml:54:13-55
activity#com.example.android.wearable.wear.wearnotifications.handlers.MessagingMainActivity
ADDED from src/main/AndroidManifest.xml:61:9-67:20
	android:label
		ADDED from src/main/AndroidManifest.xml:63:13-66
	android:name
		ADDED from src/main/AndroidManifest.xml:62:13-59
service#com.example.android.wearable.wear.wearnotifications.handlers.BigTextIntentService
ADDED from src/main/AndroidManifest.xml:69:9-72:19
	android:exported
		ADDED from src/main/AndroidManifest.xml:71:13-37
	android:name
		ADDED from src/main/AndroidManifest.xml:70:13-58
service#com.example.android.wearable.wear.wearnotifications.handlers.MessagingIntentService
ADDED from src/main/AndroidManifest.xml:74:9-77:19
	android:exported
		ADDED from src/main/AndroidManifest.xml:76:13-37
	android:name
		ADDED from src/main/AndroidManifest.xml:75:13-60
service#com.example.android.wearable.wear.wearnotifications.handlers.BigPictureSocialIntentService
ADDED from src/main/AndroidManifest.xml:79:9-82:19
	android:exported
		ADDED from src/main/AndroidManifest.xml:81:13-37
	android:name
		ADDED from src/main/AndroidManifest.xml:80:13-67
uses-sdk
INJECTED from src/main/AndroidManifest.xml reason: use-sdk injection requested
INJECTED from src/main/AndroidManifest.xml
INJECTED from src/main/AndroidManifest.xml
MERGED from [com.google.android.material:material:1.0.0-alpha3] AndroidManifest.xml:20:5-44
MERGED from [com.google.android.material:material:1.0.0-alpha3] AndroidManifest.xml:20:5-44
MERGED from [androidx.appcompat:appcompat:1.0.0-alpha3] AndroidManifest.xml:20:5-44
MERGED from [androidx.appcompat:appcompat:1.0.0-alpha3] AndroidManifest.xml:20:5-44
MERGED from [androidx.cardview:cardview:1.0.0-alpha3] AndroidManifest.xml:20:5-44
MERGED from [androidx.cardview:cardview:1.0.0-alpha3] AndroidManifest.xml:20:5-44
MERGED from [androidx.legacy:legacy-support-v13:1.0.0-alpha3] AndroidManifest.xml:20:5-44
MERGED from [androidx.legacy:legacy-support-v13:1.0.0-alpha3] AndroidManifest.xml:20:5-44
MERGED from [com.google.android.gms:play-services-wearable:15.0.1] AndroidManifest.xml:20:5-44
MERGED from [com.google.android.gms:play-services-wearable:15.0.1] AndroidManifest.xml:20:5-44
MERGED from [:Shared] AndroidManifest.xml:17:5-19:41
MERGED from [:Shared] AndroidManifest.xml:17:5-19:41
MERGED from [androidx.vectordrawable:vectordrawable-animated:1.0.0-alpha3] AndroidManifest.xml:20:5-44
MERGED from [androidx.vectordrawable:vectordrawable-animated:1.0.0-alpha3] AndroidManifest.xml:20:5-44
MERGED from [androidx.vectordrawable:vectordrawable:1.0.0-alpha3] AndroidManifest.xml:20:5-44
MERGED from [androidx.vectordrawable:vectordrawable:1.0.0-alpha3] AndroidManifest.xml:20:5-44
MERGED from [androidx.transition:transition:1.0.0-alpha3] AndroidManifest.xml:20:5-44
MERGED from [androidx.transition:transition:1.0.0-alpha3] AndroidManifest.xml:20:5-44
MERGED from [androidx.recyclerview:recyclerview:1.0.0-alpha3] AndroidManifest.xml:20:5-44
MERGED from [androidx.recyclerview:recyclerview:1.0.0-alpha3] AndroidManifest.xml:20:5-44
MERGED from [com.google.android.gms:play-services-base:15.0.1] AndroidManifest.xml:20:5-44
MERGED from [com.google.android.gms:play-services-base:15.0.1] AndroidManifest.xml:20:5-44
MERGED from [com.google.android.gms:play-services-tasks:15.0.1] AndroidManifest.xml:5:5-44
MERGED from [com.google.android.gms:play-services-tasks:15.0.1] AndroidManifest.xml:5:5-44
MERGED from [com.google.android.gms:play-services-basement:15.0.1] AndroidManifest.xml:20:5-44
MERGED from [com.google.android.gms:play-services-basement:15.0.1] AndroidManifest.xml:20:5-44
MERGED from [androidx.legacy:legacy-support-v4:1.0.0-rc01] AndroidManifest.xml:20:5-44
MERGED from [androidx.legacy:legacy-support-v4:1.0.0-rc01] AndroidManifest.xml:20:5-44
MERGED from [androidx.fragment:fragment:1.0.0-rc01] AndroidManifest.xml:20:5-44
MERGED from [androidx.fragment:fragment:1.0.0-rc01] AndroidManifest.xml:20:5-44
MERGED from [androidx.legacy:legacy-support-core-ui:1.0.0-rc01] AndroidManifest.xml:20:5-44
MERGED from [androidx.legacy:legacy-support-core-ui:1.0.0-rc01] AndroidManifest.xml:20:5-44
MERGED from [androidx.legacy:legacy-support-core-utils:1.0.0-rc01] AndroidManifest.xml:20:5-44
MERGED from [androidx.legacy:legacy-support-core-utils:1.0.0-rc01] AndroidManifest.xml:20:5-44
MERGED from [androidx.media:media:1.0.0-rc01] AndroidManifest.xml:20:5-44
MERGED from [androidx.media:media:1.0.0-rc01] AndroidManifest.xml:20:5-44
MERGED from [androidx.loader:loader:1.0.0-rc01] AndroidManifest.xml:20:5-44
MERGED from [androidx.loader:loader:1.0.0-rc01] AndroidManifest.xml:20:5-44
MERGED from [androidx.viewpager:viewpager:1.0.0-rc01] AndroidManifest.xml:20:5-44
MERGED from [androidx.viewpager:viewpager:1.0.0-rc01] AndroidManifest.xml:20:5-44
MERGED from [androidx.coordinatorlayout:coordinatorlayout:1.0.0-rc01] AndroidManifest.xml:20:5-44
MERGED from [androidx.coordinatorlayout:coordinatorlayout:1.0.0-rc01] AndroidManifest.xml:20:5-44
MERGED from [androidx.drawerlayout:drawerlayout:1.0.0-rc01] AndroidManifest.xml:20:5-44
MERGED from [androidx.drawerlayout:drawerlayout:1.0.0-rc01] AndroidManifest.xml:20:5-44
MERGED from [androidx.slidingpanelayout:slidingpanelayout:1.0.0-rc01] AndroidManifest.xml:20:5-44
MERGED from [androidx.slidingpanelayout:slidingpanelayout:1.0.0-rc01] AndroidManifest.xml:20:5-44
MERGED from [androidx.customview:customview:1.0.0-rc01] AndroidManifest.xml:20:5-44
MERGED from [androidx.customview:customview:1.0.0-rc01] AndroidManifest.xml:20:5-44
MERGED from [androidx.swiperefreshlayout:swiperefreshlayout:1.0.0-rc01] AndroidManifest.xml:20:5-44
MERGED from [androidx.swiperefreshlayout:swiperefreshlayout:1.0.0-rc01] AndroidManifest.xml:20:5-44
MERGED from [androidx.asynclayoutinflater:asynclayoutinflater:1.0.0-rc01] AndroidManifest.xml:20:5-44
MERGED from [androidx.asynclayoutinflater:asynclayoutinflater:1.0.0-rc01] AndroidManifest.xml:20:5-44
MERGED from [androidx.core:core:1.0.0-rc01] AndroidManifest.xml:20:5-44
MERGED from [androidx.core:core:1.0.0-rc01] AndroidManifest.xml:20:5-44
MERGED from [androidx.versionedparcelable:versionedparcelable:1.0.0-rc01] AndroidManifest.xml:20:5-44
MERGED from [androidx.versionedparcelable:versionedparcelable:1.0.0-rc01] AndroidManifest.xml:20:5-44
MERGED from [androidx.documentfile:documentfile:1.0.0-rc01] AndroidManifest.xml:20:5-44
MERGED from [androidx.documentfile:documentfile:1.0.0-rc01] AndroidManifest.xml:20:5-44
MERGED from [androidx.localbroadcastmanager:localbroadcastmanager:1.0.0-rc01] AndroidManifest.xml:20:5-44
MERGED from [androidx.localbroadcastmanager:localbroadcastmanager:1.0.0-rc01] AndroidManifest.xml:20:5-44
MERGED from [androidx.print:print:1.0.0-rc01] AndroidManifest.xml:20:5-44
MERGED from [androidx.print:print:1.0.0-rc01] AndroidManifest.xml:20:5-44
MERGED from [androidx.cursoradapter:cursoradapter:1.0.0-rc01] AndroidManifest.xml:20:5-44
MERGED from [androidx.cursoradapter:cursoradapter:1.0.0-rc01] AndroidManifest.xml:20:5-44
MERGED from [androidx.interpolator:interpolator:1.0.0-rc01] AndroidManifest.xml:20:5-44
MERGED from [androidx.interpolator:interpolator:1.0.0-rc01] AndroidManifest.xml:20:5-44
MERGED from [androidx.lifecycle:lifecycle-runtime:2.0.0-rc01] AndroidManifest.xml:20:5-44
MERGED from [androidx.lifecycle:lifecycle-runtime:2.0.0-rc01] AndroidManifest.xml:20:5-44
MERGED from [androidx.lifecycle:lifecycle-viewmodel:2.0.0-rc01] AndroidManifest.xml:20:5-44
MERGED from [androidx.lifecycle:lifecycle-viewmodel:2.0.0-rc01] AndroidManifest.xml:20:5-44
MERGED from [androidx.lifecycle:lifecycle-livedata-core:2.0.0-rc01] AndroidManifest.xml:20:5-44
MERGED from [androidx.lifecycle:lifecycle-livedata-core:2.0.0-rc01] AndroidManifest.xml:20:5-44
MERGED from [androidx.arch.core:core-runtime:2.0.0-rc01] AndroidManifest.xml:20:5-44
MERGED from [androidx.arch.core:core-runtime:2.0.0-rc01] AndroidManifest.xml:20:5-44
INJECTED from src/main/AndroidManifest.xml
INJECTED from src/main/AndroidManifest.xml
	android:targetSdkVersion
		INJECTED from src/main/AndroidManifest.xml
		ADDED from src/main/AndroidManifest.xml
		INJECTED from src/main/AndroidManifest.xml
	android:minSdkVersion
		INJECTED from src/main/AndroidManifest.xml
		ADDED from src/main/AndroidManifest.xml
		INJECTED from src/main/AndroidManifest.xml
activity#com.google.android.gms.common.api.GoogleApiActivity
ADDED from [com.google.android.gms:play-services-base:15.0.1] AndroidManifest.xml:23:9-26:75
	android:exported
		ADDED from [com.google.android.gms:play-services-base:15.0.1] AndroidManifest.xml:25:13-37
	android:theme
		ADDED from [com.google.android.gms:play-services-base:15.0.1] AndroidManifest.xml:26:13-72
	android:name
		ADDED from [com.google.android.gms:play-services-base:15.0.1] AndroidManifest.xml:24:13-79
meta-data#com.google.android.gms.version
ADDED from [com.google.android.gms:play-services-basement:15.0.1] AndroidManifest.xml:23:9-25:69
	android:value
		ADDED from [com.google.android.gms:play-services-basement:15.0.1] AndroidManifest.xml:25:13-66
	android:name
		ADDED from [com.google.android.gms:play-services-basement:15.0.1] AndroidManifest.xml:24:13-58